Analysis & Synthesis report for DE1_SoC
Thu Oct 05 15:36:18 2023
Quartus Prime Version 17.0.0 Build 595 04/25/2017 SJ Lite Edition


---------------------
; Table of Contents ;
---------------------
  1. Legal Notice
  2. Analysis & Synthesis Summary
  3. Analysis & Synthesis Settings
  4. Parallel Compilation
  5. Analysis & Synthesis Source Files Read
  6. Analysis & Synthesis Resource Usage Summary
  7. Analysis & Synthesis Resource Utilization by Entity
  8. State Machine - |DE1_SoC|detectorFSM:detector|ps
  9. Registers Removed During Synthesis
 10. General Register Statistics
 11. Multiplexer Restructuring Statistics (Restructuring Performed)
 12. Parameter Settings for User Entity Instance: detectorFSM:detector
 13. Parameter Settings for User Entity Instance: seg7:seg7_0
 14. Post-Synthesis Netlist Statistics for Top Partition
 15. Elapsed Time Per Partition
 16. Analysis & Synthesis Messages
 17. Analysis & Synthesis Suppressed Messages



----------------
; Legal Notice ;
----------------
Copyright (C) 2017  Intel Corporation. All rights reserved.
Your use of Intel Corporation's design tools, logic functions 
and other software and tools, and its AMPP partner logic 
functions, and any output files from any of the foregoing 
(including device programming or simulation files), and any 
associated documentation or information are expressly subject 
to the terms and conditions of the Intel Program License 
Subscription Agreement, the Intel Quartus Prime License Agreement,
the Intel MegaCore Function License Agreement, or other 
applicable license agreement, including, without limitation, 
that your use is for the sole purpose of programming logic 
devices manufactured by Intel and sold by Intel or its 
authorized distributors.  Please refer to the applicable 
agreement for further details.



+-------------------------------------------------------------------------------+
; Analysis & Synthesis Summary                                                  ;
+---------------------------------+---------------------------------------------+
; Analysis & Synthesis Status     ; Successful - Thu Oct 05 15:36:18 2023       ;
; Quartus Prime Version           ; 17.0.0 Build 595 04/25/2017 SJ Lite Edition ;
; Revision Name                   ; DE1_SoC                                     ;
; Top-level Entity Name           ; DE1_SoC                                     ;
; Family                          ; Cyclone V                                   ;
; Logic utilization (in ALMs)     ; N/A                                         ;
; Total registers                 ; 12                                          ;
; Total pins                      ; 89                                          ;
; Total virtual pins              ; 0                                           ;
; Total block memory bits         ; 0                                           ;
; Total DSP Blocks                ; 0                                           ;
; Total HSSI RX PCSs              ; 0                                           ;
; Total HSSI PMA RX Deserializers ; 0                                           ;
; Total HSSI TX PCSs              ; 0                                           ;
; Total HSSI PMA TX Serializers   ; 0                                           ;
; Total PLLs                      ; 0                                           ;
; Total DLLs                      ; 0                                           ;
+---------------------------------+---------------------------------------------+


+---------------------------------------------------------------------------------------------------------------------------+
; Analysis & Synthesis Settings                                                                                             ;
+---------------------------------------------------------------------------------+--------------------+--------------------+
; Option                                                                          ; Setting            ; Default Value      ;
+---------------------------------------------------------------------------------+--------------------+--------------------+
; Device                                                                          ; 5CGXFC7C7F23C8     ;                    ;
; Top-level entity name                                                           ; DE1_SoC            ; DE1_SoC            ;
; Family name                                                                     ; Cyclone V          ; Cyclone V          ;
; Use smart compilation                                                           ; Off                ; Off                ;
; Enable parallel Assembler and TimeQuest Timing Analyzer during compilation      ; On                 ; On                 ;
; Enable compact report table                                                     ; Off                ; Off                ;
; Restructure Multiplexers                                                        ; Auto               ; Auto               ;
; MLAB Add Timing Constraints For Mixed-Port Feed-Through Mode Setting Don't Care ; Off                ; Off                ;
; Create Debugging Nodes for IP Cores                                             ; Off                ; Off                ;
; Preserve fewer node names                                                       ; On                 ; On                 ;
; OpenCore Plus hardware evaluation                                               ; Enable             ; Enable             ;
; Verilog Version                                                                 ; Verilog_2001       ; Verilog_2001       ;
; VHDL Version                                                                    ; VHDL_1993          ; VHDL_1993          ;
; State Machine Processing                                                        ; Auto               ; Auto               ;
; Safe State Machine                                                              ; Off                ; Off                ;
; Extract Verilog State Machines                                                  ; On                 ; On                 ;
; Extract VHDL State Machines                                                     ; On                 ; On                 ;
; Ignore Verilog initial constructs                                               ; Off                ; Off                ;
; Iteration limit for constant Verilog loops                                      ; 5000               ; 5000               ;
; Iteration limit for non-constant Verilog loops                                  ; 250                ; 250                ;
; Add Pass-Through Logic to Inferred RAMs                                         ; On                 ; On                 ;
; Infer RAMs from Raw Logic                                                       ; On                 ; On                 ;
; Parallel Synthesis                                                              ; On                 ; On                 ;
; DSP Block Balancing                                                             ; Auto               ; Auto               ;
; NOT Gate Push-Back                                                              ; On                 ; On                 ;
; Power-Up Don't Care                                                             ; On                 ; On                 ;
; Remove Redundant Logic Cells                                                    ; Off                ; Off                ;
; Remove Duplicate Registers                                                      ; On                 ; On                 ;
; Ignore CARRY Buffers                                                            ; Off                ; Off                ;
; Ignore CASCADE Buffers                                                          ; Off                ; Off                ;
; Ignore GLOBAL Buffers                                                           ; Off                ; Off                ;
; Ignore ROW GLOBAL Buffers                                                       ; Off                ; Off                ;
; Ignore LCELL Buffers                                                            ; Off                ; Off                ;
; Ignore SOFT Buffers                                                             ; On                 ; On                 ;
; Limit AHDL Integers to 32 Bits                                                  ; Off                ; Off                ;
; Optimization Technique                                                          ; Balanced           ; Balanced           ;
; Carry Chain Length                                                              ; 70                 ; 70                 ;
; Auto Carry Chains                                                               ; On                 ; On                 ;
; Auto Open-Drain Pins                                                            ; On                 ; On                 ;
; Perform WYSIWYG Primitive Resynthesis                                           ; Off                ; Off                ;
; Auto ROM Replacement                                                            ; On                 ; On                 ;
; Auto RAM Replacement                                                            ; On                 ; On                 ;
; Auto DSP Block Replacement                                                      ; On                 ; On                 ;
; Auto Shift Register Replacement                                                 ; Auto               ; Auto               ;
; Allow Shift Register Merging across Hierarchies                                 ; Auto               ; Auto               ;
; Auto Clock Enable Replacement                                                   ; On                 ; On                 ;
; Strict RAM Replacement                                                          ; Off                ; Off                ;
; Allow Synchronous Control Signals                                               ; On                 ; On                 ;
; Force Use of Synchronous Clear Signals                                          ; Off                ; Off                ;
; Auto Resource Sharing                                                           ; Off                ; Off                ;
; Allow Any RAM Size For Recognition                                              ; Off                ; Off                ;
; Allow Any ROM Size For Recognition                                              ; Off                ; Off                ;
; Allow Any Shift Register Size For Recognition                                   ; Off                ; Off                ;
; Use LogicLock Constraints during Resource Balancing                             ; On                 ; On                 ;
; Ignore translate_off and synthesis_off directives                               ; Off                ; Off                ;
; Timing-Driven Synthesis                                                         ; On                 ; On                 ;
; Report Parameter Settings                                                       ; On                 ; On                 ;
; Report Source Assignments                                                       ; On                 ; On                 ;
; Report Connectivity Checks                                                      ; On                 ; On                 ;
; Ignore Maximum Fan-Out Assignments                                              ; Off                ; Off                ;
; Synchronization Register Chain Length                                           ; 3                  ; 3                  ;
; PowerPlay Power Optimization During Synthesis                                   ; Normal compilation ; Normal compilation ;
; HDL message level                                                               ; Level2             ; Level2             ;
; Suppress Register Optimization Related Messages                                 ; Off                ; Off                ;
; Number of Removed Registers Reported in Synthesis Report                        ; 5000               ; 5000               ;
; Number of Swept Nodes Reported in Synthesis Report                              ; 5000               ; 5000               ;
; Number of Inverted Registers Reported in Synthesis Report                       ; 100                ; 100                ;
; Clock MUX Protection                                                            ; On                 ; On                 ;
; Auto Gated Clock Conversion                                                     ; Off                ; Off                ;
; Block Design Naming                                                             ; Auto               ; Auto               ;
; SDC constraint protection                                                       ; Off                ; Off                ;
; Synthesis Effort                                                                ; Auto               ; Auto               ;
; Shift Register Replacement - Allow Asynchronous Clear Signal                    ; On                 ; On                 ;
; Pre-Mapping Resynthesis Optimization                                            ; Off                ; Off                ;
; Analysis & Synthesis Message Level                                              ; Medium             ; Medium             ;
; Disable Register Merging Across Hierarchies                                     ; Auto               ; Auto               ;
; Resource Aware Inference For Block RAM                                          ; On                 ; On                 ;
; Automatic Parallel Synthesis                                                    ; On                 ; On                 ;
; Partial Reconfiguration Bitstream ID                                            ; Off                ; Off                ;
+---------------------------------------------------------------------------------+--------------------+--------------------+


+------------------------------------------+
; Parallel Compilation                     ;
+----------------------------+-------------+
; Processors                 ; Number      ;
+----------------------------+-------------+
; Number detected on machine ; 8           ;
; Maximum allowed            ; 4           ;
;                            ;             ;
; Average used               ; 1.00        ;
; Maximum used               ; 4           ;
;                            ;             ;
; Usage by Processor         ; % Time Used ;
;     Processor 1            ; 100.0%      ;
;     Processors 2-4         ;   0.0%      ;
+----------------------------+-------------+


+--------------------------------------------------------------------------------------------------------------------------------------------------------------------------------------------------------+
; Analysis & Synthesis Source Files Read                                                                                                                                                                 ;
+----------------------------------+-----------------+------------------------------+----------------------------------------------------------------------------------------------------------+---------+
; File Name with User-Entered Path ; Used in Netlist ; File Type                    ; File Name with Absolute Path                                                                             ; Library ;
+----------------------------------+-----------------+------------------------------+----------------------------------------------------------------------------------------------------------+---------+
; DE1_SoC.sv                       ; yes             ; User SystemVerilog HDL File  ; C:/Users/donov/OneDrive - donovan.clay/OneDrive/1) School/2023-24 UW/1) Fall/CSE 371/lab1/DE1_SoC.sv     ;         ;
; detectorFSM.sv                   ; yes             ; User SystemVerilog HDL File  ; C:/Users/donov/OneDrive - donovan.clay/OneDrive/1) School/2023-24 UW/1) Fall/CSE 371/lab1/detectorFSM.sv ;         ;
; car_counter.sv                   ; yes             ; User SystemVerilog HDL File  ; C:/Users/donov/OneDrive - donovan.clay/OneDrive/1) School/2023-24 UW/1) Fall/CSE 371/lab1/car_counter.sv ;         ;
; seg7.sv                          ; yes             ; User SystemVerilog HDL File  ; C:/Users/donov/OneDrive - donovan.clay/OneDrive/1) School/2023-24 UW/1) Fall/CSE 371/lab1/seg7.sv        ;         ;
+----------------------------------+-----------------+------------------------------+----------------------------------------------------------------------------------------------------------+---------+


+-------------------------------------------------------------------------+
; Analysis & Synthesis Resource Usage Summary                             ;
+---------------------------------------------+---------------------------+
; Resource                                    ; Usage                     ;
+---------------------------------------------+---------------------------+
; Estimate of Logic utilization (ALMs needed) ; 22                        ;
;                                             ;                           ;
; Combinational ALUT usage for logic          ; 33                        ;
;     -- 7 input functions                    ; 0                         ;
;     -- 6 input functions                    ; 11                        ;
;     -- 5 input functions                    ; 11                        ;
;     -- 4 input functions                    ; 7                         ;
;     -- <=3 input functions                  ; 4                         ;
;                                             ;                           ;
; Dedicated logic registers                   ; 12                        ;
;                                             ;                           ;
; I/O pins                                    ; 89                        ;
;                                             ;                           ;
; Total DSP Blocks                            ; 0                         ;
;                                             ;                           ;
; Maximum fan-out node                        ; car_counter:counter|ps[1] ;
; Maximum fan-out                             ; 15                        ;
; Total fan-out                               ; 344                       ;
; Average fan-out                             ; 1.33                      ;
+---------------------------------------------+---------------------------+


+--------------------------------------------------------------------------------------------------------------------------------------------------------------------------------------------------+
; Analysis & Synthesis Resource Utilization by Entity                                                                                                                                              ;
+----------------------------+---------------------+---------------------------+-------------------+------------+------+--------------+-------------------------------+-------------+--------------+
; Compilation Hierarchy Node ; Combinational ALUTs ; Dedicated Logic Registers ; Block Memory Bits ; DSP Blocks ; Pins ; Virtual Pins ; Full Hierarchy Name           ; Entity Name ; Library Name ;
+----------------------------+---------------------+---------------------------+-------------------+------------+------+--------------+-------------------------------+-------------+--------------+
; |DE1_SoC                   ; 33 (0)              ; 12 (0)                    ; 0                 ; 0          ; 89   ; 0            ; |DE1_SoC                      ; DE1_SoC     ; work         ;
;    |car_counter:counter|   ; 12 (12)             ; 5 (5)                     ; 0                 ; 0          ; 0    ; 0            ; |DE1_SoC|car_counter:counter  ; car_counter ; work         ;
;    |detectorFSM:detector|  ; 10 (10)             ; 7 (7)                     ; 0                 ; 0          ; 0    ; 0            ; |DE1_SoC|detectorFSM:detector ; detectorFSM ; work         ;
;    |seg7:seg7_0|           ; 11 (11)             ; 0 (0)                     ; 0                 ; 0          ; 0    ; 0            ; |DE1_SoC|seg7:seg7_0          ; seg7        ; work         ;
+----------------------------+---------------------+---------------------------+-------------------+------------+------+--------------+-------------------------------+-------------+--------------+
Note: For table entries with two numbers listed, the numbers in parentheses indicate the number of resources of the given type used by the specific entity alone. The numbers listed outside of parentheses indicate the total resources of the given type used by the specific entity and all of its sub-entities in the hierarchy.


Encoding Type:  One-Hot
+---------------------------------------------------------------+
; State Machine - |DE1_SoC|detectorFSM:detector|ps              ;
+-------+-------+-------+-------+-------+-------+-------+-------+
; Name  ; ps.S6 ; ps.S5 ; ps.S4 ; ps.S3 ; ps.S2 ; ps.S1 ; ps.S0 ;
+-------+-------+-------+-------+-------+-------+-------+-------+
; ps.S0 ; 0     ; 0     ; 0     ; 0     ; 0     ; 0     ; 0     ;
; ps.S1 ; 0     ; 0     ; 0     ; 0     ; 0     ; 1     ; 1     ;
; ps.S2 ; 0     ; 0     ; 0     ; 0     ; 1     ; 0     ; 1     ;
; ps.S3 ; 0     ; 0     ; 0     ; 1     ; 0     ; 0     ; 1     ;
; ps.S4 ; 0     ; 0     ; 1     ; 0     ; 0     ; 0     ; 1     ;
; ps.S5 ; 0     ; 1     ; 0     ; 0     ; 0     ; 0     ; 1     ;
; ps.S6 ; 1     ; 0     ; 0     ; 0     ; 0     ; 0     ; 1     ;
+-------+-------+-------+-------+-------+-------+-------+-------+


+------------------------------------------------------------+
; Registers Removed During Synthesis                         ;
+---------------------------------------+--------------------+
; Register name                         ; Reason for Removal ;
+---------------------------------------+--------------------+
; detectorFSM:detector|ps~2             ; Lost fanout        ;
; detectorFSM:detector|ps~3             ; Lost fanout        ;
; detectorFSM:detector|ps~4             ; Lost fanout        ;
; Total Number of Removed Registers = 3 ;                    ;
+---------------------------------------+--------------------+


+------------------------------------------------------+
; General Register Statistics                          ;
+----------------------------------------------+-------+
; Statistic                                    ; Value ;
+----------------------------------------------+-------+
; Total registers                              ; 12    ;
; Number of registers using Synchronous Clear  ; 0     ;
; Number of registers using Synchronous Load   ; 0     ;
; Number of registers using Asynchronous Clear ; 0     ;
; Number of registers using Asynchronous Load  ; 0     ;
; Number of registers using Clock Enable       ; 0     ;
; Number of registers using Preset             ; 0     ;
+----------------------------------------------+-------+


+--------------------------------------------------------------------------------------------------------------------------------------------------+
; Multiplexer Restructuring Statistics (Restructuring Performed)                                                                                   ;
+--------------------+-----------+---------------+----------------------+------------------------+------------+------------------------------------+
; Multiplexer Inputs ; Bus Width ; Baseline Area ; Area if Restructured ; Saving if Restructured ; Registered ; Example Multiplexer Output         ;
+--------------------+-----------+---------------+----------------------+------------------------+------------+------------------------------------+
; 4:1                ; 5 bits    ; 10 LEs        ; 5 LEs                ; 5 LEs                  ; Yes        ; |DE1_SoC|car_counter:counter|ps[4] ;
+--------------------+-----------+---------------+----------------------+------------------------+------------+------------------------------------+


+-------------------------------------------------------------------+
; Parameter Settings for User Entity Instance: detectorFSM:detector ;
+----------------+-------+------------------------------------------+
; Parameter Name ; Value ; Type                                     ;
+----------------+-------+------------------------------------------+
; S0             ; 000   ; Unsigned Binary                          ;
; S1             ; 001   ; Unsigned Binary                          ;
; S2             ; 010   ; Unsigned Binary                          ;
; S3             ; 011   ; Unsigned Binary                          ;
; S4             ; 100   ; Unsigned Binary                          ;
; S5             ; 101   ; Unsigned Binary                          ;
; S6             ; 110   ; Unsigned Binary                          ;
+----------------+-------+------------------------------------------+
Note: In order to hide this table in the UI and the text report file, please set the "Show Parameter Settings in Synthesis Report" option in "Analysis and Synthesis Settings -> More Settings" to "Off".


+----------------------------------------------------------+
; Parameter Settings for User Entity Instance: seg7:seg7_0 ;
+----------------+---------+-------------------------------+
; Parameter Name ; Value   ; Type                          ;
+----------------+---------+-------------------------------+
; OFF            ; 1111111 ; Unsigned Binary               ;
; C              ; 1000110 ; Unsigned Binary               ;
; L              ; 1000111 ; Unsigned Binary               ;
; E              ; 0000110 ; Unsigned Binary               ;
; A              ; 0001000 ; Unsigned Binary               ;
; R              ; 1001110 ; Unsigned Binary               ;
; F              ; 0001110 ; Unsigned Binary               ;
; U              ; 1000001 ; Unsigned Binary               ;
; num0           ; 1000000 ; Unsigned Binary               ;
; num1           ; 1111001 ; Unsigned Binary               ;
; num2           ; 0100100 ; Unsigned Binary               ;
; num3           ; 0110000 ; Unsigned Binary               ;
; num4           ; 0011001 ; Unsigned Binary               ;
; num5           ; 0010010 ; Unsigned Binary               ;
; num6           ; 0000011 ; Unsigned Binary               ;
; num7           ; 1111000 ; Unsigned Binary               ;
; num8           ; 0000000 ; Unsigned Binary               ;
; num9           ; 0011000 ; Unsigned Binary               ;
+----------------+---------+-------------------------------+
Note: In order to hide this table in the UI and the text report file, please set the "Show Parameter Settings in Synthesis Report" option in "Analysis and Synthesis Settings -> More Settings" to "Off".


+-----------------------------------------------------+
; Post-Synthesis Netlist Statistics for Top Partition ;
+-----------------------+-----------------------------+
; Type                  ; Count                       ;
+-----------------------+-----------------------------+
; arriav_ff             ; 12                          ;
;     plain             ; 12                          ;
; arriav_io_obuf        ; 36                          ;
; arriav_lcell_comb     ; 40                          ;
;     normal            ; 40                          ;
;         0 data inputs ; 2                           ;
;         1 data inputs ; 5                           ;
;         2 data inputs ; 2                           ;
;         3 data inputs ; 2                           ;
;         4 data inputs ; 7                           ;
;         5 data inputs ; 11                          ;
;         6 data inputs ; 11                          ;
; boundary_port         ; 89                          ;
;                       ;                             ;
; Max LUT depth         ; 3.00                        ;
; Average LUT depth     ; 1.14                        ;
+-----------------------+-----------------------------+


+-------------------------------+
; Elapsed Time Per Partition    ;
+----------------+--------------+
; Partition Name ; Elapsed Time ;
+----------------+--------------+
; Top            ; 00:00:00     ;
+----------------+--------------+


+-------------------------------+
; Analysis & Synthesis Messages ;
+-------------------------------+
Info: *******************************************************************
Info: Running Quartus Prime Analysis & Synthesis
    Info: Version 17.0.0 Build 595 04/25/2017 SJ Lite Edition
    Info: Processing started: Thu Oct 05 15:35:52 2023
Info: Command: quartus_map --read_settings_files=on --write_settings_files=off DE1_SoC -c DE1_SoC
Warning (18236): Number of processors has not been specified which may cause overloading on shared machines.  Set the global assignment NUM_PARALLEL_PROCESSORS in your QSF to an appropriate value for best performance.
Info (20030): Parallel compilation is enabled and will use 4 of the 4 processors detected
Info (12021): Found 2 design units, including 2 entities, in source file de1_soc.sv
    Info (12023): Found entity 1: DE1_SoC File: C:/Users/donov/OneDrive - donovan.clay/OneDrive/1) School/2023-24 UW/1) Fall/CSE 371/lab1/DE1_SoC.sv Line: 3
    Info (12023): Found entity 2: DE1_SoC_tb File: C:/Users/donov/OneDrive - donovan.clay/OneDrive/1) School/2023-24 UW/1) Fall/CSE 371/lab1/DE1_SoC.sv Line: 34
Info (12021): Found 2 design units, including 2 entities, in source file detectorfsm.sv
    Info (12023): Found entity 1: detectorFSM File: C:/Users/donov/OneDrive - donovan.clay/OneDrive/1) School/2023-24 UW/1) Fall/CSE 371/lab1/detectorFSM.sv Line: 8
    Info (12023): Found entity 2: detectorFSM_tb File: C:/Users/donov/OneDrive - donovan.clay/OneDrive/1) School/2023-24 UW/1) Fall/CSE 371/lab1/detectorFSM.sv Line: 69
Info (12021): Found 2 design units, including 2 entities, in source file car_counter.sv
    Info (12023): Found entity 1: car_counter File: C:/Users/donov/OneDrive - donovan.clay/OneDrive/1) School/2023-24 UW/1) Fall/CSE 371/lab1/car_counter.sv Line: 7
    Info (12023): Found entity 2: car_counter_tb File: C:/Users/donov/OneDrive - donovan.clay/OneDrive/1) School/2023-24 UW/1) Fall/CSE 371/lab1/car_counter.sv Line: 46
Info (12021): Found 1 design units, including 1 entities, in source file seg7.sv
    Info (12023): Found entity 1: seg7 File: C:/Users/donov/OneDrive - donovan.clay/OneDrive/1) School/2023-24 UW/1) Fall/CSE 371/lab1/seg7.sv Line: 6
Info (12127): Elaborating entity "DE1_SoC" for the top level hierarchy
Warning (10034): Output port "LEDR" at DE1_SoC.sv(7) has no driver File: C:/Users/donov/OneDrive - donovan.clay/OneDrive/1) School/2023-24 UW/1) Fall/CSE 371/lab1/DE1_SoC.sv Line: 7
Warning (10665): Bidirectional port "V_GPIO[30]" at DE1_SoC.sv(8) has a one-way connection to bidirectional port "V_GPIO[35]" File: C:/Users/donov/OneDrive - donovan.clay/OneDrive/1) School/2023-24 UW/1) Fall/CSE 371/lab1/DE1_SoC.sv Line: 8
Warning (10665): Bidirectional port "V_GPIO[28]" at DE1_SoC.sv(8) has a one-way connection to bidirectional port "V_GPIO[33]" File: C:/Users/donov/OneDrive - donovan.clay/OneDrive/1) School/2023-24 UW/1) Fall/CSE 371/lab1/DE1_SoC.sv Line: 8
Info (12128): Elaborating entity "detectorFSM" for hierarchy "detectorFSM:detector" File: C:/Users/donov/OneDrive - donovan.clay/OneDrive/1) School/2023-24 UW/1) Fall/CSE 371/lab1/DE1_SoC.sv Line: 19
Info (12128): Elaborating entity "car_counter" for hierarchy "car_counter:counter" File: C:/Users/donov/OneDrive - donovan.clay/OneDrive/1) School/2023-24 UW/1) Fall/CSE 371/lab1/DE1_SoC.sv Line: 24
Warning (10230): Verilog HDL assignment warning at car_counter.sv(29): truncated value with size 32 to match size of target (5) File: C:/Users/donov/OneDrive - donovan.clay/OneDrive/1) School/2023-24 UW/1) Fall/CSE 371/lab1/car_counter.sv Line: 29
Warning (10230): Verilog HDL assignment warning at car_counter.sv(32): truncated value with size 32 to match size of target (5) File: C:/Users/donov/OneDrive - donovan.clay/OneDrive/1) School/2023-24 UW/1) Fall/CSE 371/lab1/car_counter.sv Line: 32
Info (12128): Elaborating entity "seg7" for hierarchy "seg7:seg7_0" File: C:/Users/donov/OneDrive - donovan.clay/OneDrive/1) School/2023-24 UW/1) Fall/CSE 371/lab1/DE1_SoC.sv Line: 27
Warning (13039): The following bidirectional pins have no drivers
    Warning (13040): bidirectional pin "V_GPIO[24]" has no driver File: C:/Users/donov/OneDrive - donovan.clay/OneDrive/1) School/2023-24 UW/1) Fall/CSE 371/lab1/DE1_SoC.sv Line: 8
    Warning (13040): bidirectional pin "V_GPIO[28]" has no driver File: C:/Users/donov/OneDrive - donovan.clay/OneDrive/1) School/2023-24 UW/1) Fall/CSE 371/lab1/DE1_SoC.sv Line: 8
    Warning (13040): bidirectional pin "V_GPIO[30]" has no driver File: C:/Users/donov/OneDrive - donovan.clay/OneDrive/1) School/2023-24 UW/1) Fall/CSE 371/lab1/DE1_SoC.sv Line: 8
    Warning (13040): bidirectional pin "V_GPIO[0]" has no driver File: C:/Users/donov/OneDrive - donovan.clay/OneDrive/1) School/2023-24 UW/1) Fall/CSE 371/lab1/DE1_SoC.sv Line: 8
    Warning (13040): bidirectional pin "V_GPIO[1]" has no driver File: C:/Users/donov/OneDrive - donovan.clay/OneDrive/1) School/2023-24 UW/1) Fall/CSE 371/lab1/DE1_SoC.sv Line: 8
    Warning (13040): bidirectional pin "V_GPIO[2]" has no driver File: C:/Users/donov/OneDrive - donovan.clay/OneDrive/1) School/2023-24 UW/1) Fall/CSE 371/lab1/DE1_SoC.sv Line: 8
    Warning (13040): bidirectional pin "V_GPIO[3]" has no driver File: C:/Users/donov/OneDrive - donovan.clay/OneDrive/1) School/2023-24 UW/1) Fall/CSE 371/lab1/DE1_SoC.sv Line: 8
    Warning (13040): bidirectional pin "V_GPIO[4]" has no driver File: C:/Users/donov/OneDrive - donovan.clay/OneDrive/1) School/2023-24 UW/1) Fall/CSE 371/lab1/DE1_SoC.sv Line: 8
    Warning (13040): bidirectional pin "V_GPIO[5]" has no driver File: C:/Users/donov/OneDrive - donovan.clay/OneDrive/1) School/2023-24 UW/1) Fall/CSE 371/lab1/DE1_SoC.sv Line: 8
    Warning (13040): bidirectional pin "V_GPIO[6]" has no driver File: C:/Users/donov/OneDrive - donovan.clay/OneDrive/1) School/2023-24 UW/1) Fall/CSE 371/lab1/DE1_SoC.sv Line: 8
    Warning (13040): bidirectional pin "V_GPIO[7]" has no driver File: C:/Users/donov/OneDrive - donovan.clay/OneDrive/1) School/2023-24 UW/1) Fall/CSE 371/lab1/DE1_SoC.sv Line: 8
    Warning (13040): bidirectional pin "V_GPIO[8]" has no driver File: C:/Users/donov/OneDrive - donovan.clay/OneDrive/1) School/2023-24 UW/1) Fall/CSE 371/lab1/DE1_SoC.sv Line: 8
    Warning (13040): bidirectional pin "V_GPIO[9]" has no driver File: C:/Users/donov/OneDrive - donovan.clay/OneDrive/1) School/2023-24 UW/1) Fall/CSE 371/lab1/DE1_SoC.sv Line: 8
    Warning (13040): bidirectional pin "V_GPIO[10]" has no driver File: C:/Users/donov/OneDrive - donovan.clay/OneDrive/1) School/2023-24 UW/1) Fall/CSE 371/lab1/DE1_SoC.sv Line: 8
    Warning (13040): bidirectional pin "V_GPIO[11]" has no driver File: C:/Users/donov/OneDrive - donovan.clay/OneDrive/1) School/2023-24 UW/1) Fall/CSE 371/lab1/DE1_SoC.sv Line: 8
    Warning (13040): bidirectional pin "V_GPIO[12]" has no driver File: C:/Users/donov/OneDrive - donovan.clay/OneDrive/1) School/2023-24 UW/1) Fall/CSE 371/lab1/DE1_SoC.sv Line: 8
    Warning (13040): bidirectional pin "V_GPIO[13]" has no driver File: C:/Users/donov/OneDrive - donovan.clay/OneDrive/1) School/2023-24 UW/1) Fall/CSE 371/lab1/DE1_SoC.sv Line: 8
    Warning (13040): bidirectional pin "V_GPIO[14]" has no driver File: C:/Users/donov/OneDrive - donovan.clay/OneDrive/1) School/2023-24 UW/1) Fall/CSE 371/lab1/DE1_SoC.sv Line: 8
    Warning (13040): bidirectional pin "V_GPIO[15]" has no driver File: C:/Users/donov/OneDrive - donovan.clay/OneDrive/1) School/2023-24 UW/1) Fall/CSE 371/lab1/DE1_SoC.sv Line: 8
    Warning (13040): bidirectional pin "V_GPIO[16]" has no driver File: C:/Users/donov/OneDrive - donovan.clay/OneDrive/1) School/2023-24 UW/1) Fall/CSE 371/lab1/DE1_SoC.sv Line: 8
    Warning (13040): bidirectional pin "V_GPIO[17]" has no driver File: C:/Users/donov/OneDrive - donovan.clay/OneDrive/1) School/2023-24 UW/1) Fall/CSE 371/lab1/DE1_SoC.sv Line: 8
    Warning (13040): bidirectional pin "V_GPIO[18]" has no driver File: C:/Users/donov/OneDrive - donovan.clay/OneDrive/1) School/2023-24 UW/1) Fall/CSE 371/lab1/DE1_SoC.sv Line: 8
    Warning (13040): bidirectional pin "V_GPIO[19]" has no driver File: C:/Users/donov/OneDrive - donovan.clay/OneDrive/1) School/2023-24 UW/1) Fall/CSE 371/lab1/DE1_SoC.sv Line: 8
    Warning (13040): bidirectional pin "V_GPIO[20]" has no driver File: C:/Users/donov/OneDrive - donovan.clay/OneDrive/1) School/2023-24 UW/1) Fall/CSE 371/lab1/DE1_SoC.sv Line: 8
    Warning (13040): bidirectional pin "V_GPIO[21]" has no driver File: C:/Users/donov/OneDrive - donovan.clay/OneDrive/1) School/2023-24 UW/1) Fall/CSE 371/lab1/DE1_SoC.sv Line: 8
    Warning (13040): bidirectional pin "V_GPIO[22]" has no driver File: C:/Users/donov/OneDrive - donovan.clay/OneDrive/1) School/2023-24 UW/1) Fall/CSE 371/lab1/DE1_SoC.sv Line: 8
    Warning (13040): bidirectional pin "V_GPIO[23]" has no driver File: C:/Users/donov/OneDrive - donovan.clay/OneDrive/1) School/2023-24 UW/1) Fall/CSE 371/lab1/DE1_SoC.sv Line: 8
    Warning (13040): bidirectional pin "V_GPIO[25]" has no driver File: C:/Users/donov/OneDrive - donovan.clay/OneDrive/1) School/2023-24 UW/1) Fall/CSE 371/lab1/DE1_SoC.sv Line: 8
    Warning (13040): bidirectional pin "V_GPIO[26]" has no driver File: C:/Users/donov/OneDrive - donovan.clay/OneDrive/1) School/2023-24 UW/1) Fall/CSE 371/lab1/DE1_SoC.sv Line: 8
    Warning (13040): bidirectional pin "V_GPIO[27]" has no driver File: C:/Users/donov/OneDrive - donovan.clay/OneDrive/1) School/2023-24 UW/1) Fall/CSE 371/lab1/DE1_SoC.sv Line: 8
    Warning (13040): bidirectional pin "V_GPIO[29]" has no driver File: C:/Users/donov/OneDrive - donovan.clay/OneDrive/1) School/2023-24 UW/1) Fall/CSE 371/lab1/DE1_SoC.sv Line: 8
    Warning (13040): bidirectional pin "V_GPIO[31]" has no driver File: C:/Users/donov/OneDrive - donovan.clay/OneDrive/1) School/2023-24 UW/1) Fall/CSE 371/lab1/DE1_SoC.sv Line: 8
    Warning (13040): bidirectional pin "V_GPIO[32]" has no driver File: C:/Users/donov/OneDrive - donovan.clay/OneDrive/1) School/2023-24 UW/1) Fall/CSE 371/lab1/DE1_SoC.sv Line: 8
    Warning (13040): bidirectional pin "V_GPIO[34]" has no driver File: C:/Users/donov/OneDrive - donovan.clay/OneDrive/1) School/2023-24 UW/1) Fall/CSE 371/lab1/DE1_SoC.sv Line: 8
Warning (13009): TRI or OPNDRN buffers permanently enabled
    Warning (13010): Node "outer~synth" File: C:/Users/donov/OneDrive - donovan.clay/OneDrive/1) School/2023-24 UW/1) Fall/CSE 371/lab1/DE1_SoC.sv Line: 10
    Warning (13010): Node "inner~synth" File: C:/Users/donov/OneDrive - donovan.clay/OneDrive/1) School/2023-24 UW/1) Fall/CSE 371/lab1/DE1_SoC.sv Line: 10
Warning (13024): Output pins are stuck at VCC or GND
    Warning (13410): Pin "HEX1[3]" is stuck at VCC File: C:/Users/donov/OneDrive - donovan.clay/OneDrive/1) School/2023-24 UW/1) Fall/CSE 371/lab1/DE1_SoC.sv Line: 6
    Warning (13410): Pin "HEX1[6]" is stuck at VCC File: C:/Users/donov/OneDrive - donovan.clay/OneDrive/1) School/2023-24 UW/1) Fall/CSE 371/lab1/DE1_SoC.sv Line: 6
    Warning (13410): Pin "HEX3[1]" is stuck at VCC File: C:/Users/donov/OneDrive - donovan.clay/OneDrive/1) School/2023-24 UW/1) Fall/CSE 371/lab1/DE1_SoC.sv Line: 6
    Warning (13410): Pin "HEX3[2]" is stuck at VCC File: C:/Users/donov/OneDrive - donovan.clay/OneDrive/1) School/2023-24 UW/1) Fall/CSE 371/lab1/DE1_SoC.sv Line: 6
    Warning (13410): Pin "HEX4[0]" is stuck at VCC File: C:/Users/donov/OneDrive - donovan.clay/OneDrive/1) School/2023-24 UW/1) Fall/CSE 371/lab1/DE1_SoC.sv Line: 6
    Warning (13410): Pin "HEX4[6]" is stuck at VCC File: C:/Users/donov/OneDrive - donovan.clay/OneDrive/1) School/2023-24 UW/1) Fall/CSE 371/lab1/DE1_SoC.sv Line: 6
    Warning (13410): Pin "HEX5[1]" is stuck at VCC File: C:/Users/donov/OneDrive - donovan.clay/OneDrive/1) School/2023-24 UW/1) Fall/CSE 371/lab1/DE1_SoC.sv Line: 6
    Warning (13410): Pin "HEX5[2]" is stuck at VCC File: C:/Users/donov/OneDrive - donovan.clay/OneDrive/1) School/2023-24 UW/1) Fall/CSE 371/lab1/DE1_SoC.sv Line: 6
    Warning (13410): Pin "LEDR[0]" is stuck at GND File: C:/Users/donov/OneDrive - donovan.clay/OneDrive/1) School/2023-24 UW/1) Fall/CSE 371/lab1/DE1_SoC.sv Line: 7
    Warning (13410): Pin "LEDR[1]" is stuck at GND File: C:/Users/donov/OneDrive - donovan.clay/OneDrive/1) School/2023-24 UW/1) Fall/CSE 371/lab1/DE1_SoC.sv Line: 7
    Warning (13410): Pin "LEDR[2]" is stuck at GND File: C:/Users/donov/OneDrive - donovan.clay/OneDrive/1) School/2023-24 UW/1) Fall/CSE 371/lab1/DE1_SoC.sv Line: 7
    Warning (13410): Pin "LEDR[3]" is stuck at GND File: C:/Users/donov/OneDrive - donovan.clay/OneDrive/1) School/2023-24 UW/1) Fall/CSE 371/lab1/DE1_SoC.sv Line: 7
    Warning (13410): Pin "LEDR[4]" is stuck at GND File: C:/Users/donov/OneDrive - donovan.clay/OneDrive/1) School/2023-24 UW/1) Fall/CSE 371/lab1/DE1_SoC.sv Line: 7
    Warning (13410): Pin "LEDR[5]" is stuck at GND File: C:/Users/donov/OneDrive - donovan.clay/OneDrive/1) School/2023-24 UW/1) Fall/CSE 371/lab1/DE1_SoC.sv Line: 7
    Warning (13410): Pin "LEDR[6]" is stuck at GND File: C:/Users/donov/OneDrive - donovan.clay/OneDrive/1) School/2023-24 UW/1) Fall/CSE 371/lab1/DE1_SoC.sv Line: 7
    Warning (13410): Pin "LEDR[7]" is stuck at GND File: C:/Users/donov/OneDrive - donovan.clay/OneDrive/1) School/2023-24 UW/1) Fall/CSE 371/lab1/DE1_SoC.sv Line: 7
    Warning (13410): Pin "LEDR[8]" is stuck at GND File: C:/Users/donov/OneDrive - donovan.clay/OneDrive/1) School/2023-24 UW/1) Fall/CSE 371/lab1/DE1_SoC.sv Line: 7
    Warning (13410): Pin "LEDR[9]" is stuck at GND File: C:/Users/donov/OneDrive - donovan.clay/OneDrive/1) School/2023-24 UW/1) Fall/CSE 371/lab1/DE1_SoC.sv Line: 7
Info (286030): Timing-Driven Synthesis is running
Info (17049): 3 registers lost all their fanouts during netlist optimizations.
Info (144001): Generated suppressed messages file C:/Users/donov/OneDrive - donovan.clay/OneDrive/1) School/2023-24 UW/1) Fall/CSE 371/lab1/DE1_SoC.map.smsg
Info (16010): Generating hard_block partition "hard_block:auto_generated_inst"
    Info (16011): Adding 0 node(s), including 0 DDIO, 0 PLL, 0 transceiver and 0 LCELL
Info (21057): Implemented 122 device resources after synthesis - the final resource count might be different
    Info (21058): Implemented 1 input pins
    Info (21059): Implemented 52 output pins
    Info (21060): Implemented 36 bidirectional pins
    Info (21061): Implemented 33 logic cells
Info: Quartus Prime Analysis & Synthesis was successful. 0 errors, 63 warnings
    Info: Peak virtual memory: 4827 megabytes
    Info: Processing ended: Thu Oct 05 15:36:18 2023
    Info: Elapsed time: 00:00:26
    Info: Total CPU time (on all processors): 00:00:07


+------------------------------------------+
; Analysis & Synthesis Suppressed Messages ;
+------------------------------------------+
The suppressed messages can be found in C:/Users/donov/OneDrive - donovan.clay/OneDrive/1) School/2023-24 UW/1) Fall/CSE 371/lab1/DE1_SoC.map.smsg.


